<?xml version="1.0" encoding="UTF-8"?>
<!-- Generated by org.testng.reporters.JUnitXMLReporter -->
<testsuite hostname="Bi3-NB-HISAN" ignored="0" name="Surefire test" tests="2" failures="1" timestamp="25 Apr 2017 06:03:06 GMT" time="85.497" errors="0">
  <testcase name="AveraEEDVerifyLoginPage" time="55.826" classname="myAutomationProject.TestPage"/>
  <testcase name="LogintoITMApplication" time="29.611" classname="myAutomationProject.TestPage">
    <failure type="org.sikuli.script.FindFailed" message="can not find P(D:/HisanBackup/HisanS/D/Hisan/Learning/Roshana/SikuliImages/lbl_HomePageLogo.PNG) S: 0.7 in S(0)[0,0 1366x768]">
      <![CDATA[FindFailed: can not find P(D:/HisanBackup/HisanS/D/Hisan/Learning/Roshana/SikuliImages/lbl_HomePageLogo.PNG) S: 0.7 in S(0)[0,0 1366x768]
  Line 2189, in file Region.java

	at org.sikuli.script.Region.handleFindFailedShowDialog(Region.java:2189)
	at org.sikuli.script.Region.handleFindFailed(Region.java:2134)
	at org.sikuli.script.Region.wait(Region.java:2546)
	at myAutomationProject.SikuliMainPage.LogintoDesktopITMAPP(SikuliMainPage.java:32)
	at myAutomationProject.TestPage.LogintoITMApplication(TestPage.java:63)
... Removed 29 stack frames]]>
    </failure>
  </testcase> <!-- LogintoITMApplication -->
</testsuite> <!-- Surefire test -->
