<?xml version="1.0" encoding="UTF-8"?>
<!-- Generated by org.testng.reporters.JUnitXMLReporter -->
<testsuite hostname="Bi3-NB-HISAN" ignored="1" name="Default test" tests="1" failures="0" timestamp="24 Apr 2017 11:43:40 GMT" time="717.448" errors="0">
  <testcase name="LogintoITMApplication" time="716.994" classname="myAutomationProject.TestPage"/>
  <testcase name="AveraEEDVerifyLoginPage" time="0.0" classname="myAutomationProject.TestPage">
    <ignored/>
  </testcase> <!-- AveraEEDVerifyLoginPage -->
</testsuite> <!-- Default test -->
