<?xml version="1.0" encoding="UTF-8"?>
<testng-results skipped="0" failed="1" ignored="0" total="2" passed="1">
  <reporter-output>
  </reporter-output>
  <suite name="Surefire suite" duration-ms="85497" started-at="2017-04-25T06:01:41Z" finished-at="2017-04-25T06:03:06Z">
    <groups>
    </groups>
    <test name="Surefire test" duration-ms="85497" started-at="2017-04-25T06:01:41Z" finished-at="2017-04-25T06:03:06Z">
      <class name="myAutomationProject.TestPage">
        <test-method status="PASS" signature="AveraEEDVerifyLoginPage()[pri:0, instance:myAutomationProject.TestPage@6108b2d7]" name="AveraEEDVerifyLoginPage" duration-ms="55826" started-at="2017-04-25T11:31:41Z" finished-at="2017-04-25T11:32:36Z">
          <reporter-output>
          </reporter-output>
        </test-method> <!-- AveraEEDVerifyLoginPage -->
        <test-method status="FAIL" signature="LogintoITMApplication()[pri:0, instance:myAutomationProject.TestPage@6108b2d7]" name="LogintoITMApplication" duration-ms="29611" started-at="2017-04-25T11:32:36Z" finished-at="2017-04-25T11:33:06Z">
          <exception class="org.sikuli.script.FindFailed">
            <message>
              <![CDATA[can not find P(D:/HisanBackup/HisanS/D/Hisan/Learning/Roshana/SikuliImages/lbl_HomePageLogo.PNG) S: 0.7 in S(0)[0,0 1366x768]]]>
            </message>
            <full-stacktrace>
              <![CDATA[FindFailed: can not find P(D:/HisanBackup/HisanS/D/Hisan/Learning/Roshana/SikuliImages/lbl_HomePageLogo.PNG) S: 0.7 in S(0)[0,0 1366x768]
  Line 2189, in file Region.java

	at org.sikuli.script.Region.handleFindFailedShowDialog(Region.java:2189)
	at org.sikuli.script.Region.handleFindFailed(Region.java:2134)
	at org.sikuli.script.Region.wait(Region.java:2546)
	at myAutomationProject.SikuliMainPage.LogintoDesktopITMAPP(SikuliMainPage.java:32)
	at myAutomationProject.TestPage.LogintoITMApplication(TestPage.java:63)
	at sun.reflect.NativeMethodAccessorImpl.invoke0(Native Method)
	at sun.reflect.NativeMethodAccessorImpl.invoke(NativeMethodAccessorImpl.java:62)
	at sun.reflect.DelegatingMethodAccessorImpl.invoke(DelegatingMethodAccessorImpl.java:43)
	at java.lang.reflect.Method.invoke(Method.java:498)
	at org.testng.internal.MethodInvocationHelper.invokeMethod(MethodInvocationHelper.java:108)
	at org.testng.internal.Invoker.invokeMethod(Invoker.java:661)
	at org.testng.internal.Invoker.invokeTestMethod(Invoker.java:869)
	at org.testng.internal.Invoker.invokeTestMethods(Invoker.java:1193)
	at org.testng.internal.TestMethodWorker.invokeTestMethods(TestMethodWorker.java:126)
	at org.testng.internal.TestMethodWorker.run(TestMethodWorker.java:109)
	at org.testng.TestRunner.privateRun(TestRunner.java:744)
	at org.testng.TestRunner.run(TestRunner.java:602)
	at org.testng.SuiteRunner.runTest(SuiteRunner.java:380)
	at org.testng.SuiteRunner.runSequentially(SuiteRunner.java:375)
	at org.testng.SuiteRunner.privateRun(SuiteRunner.java:340)
	at org.testng.SuiteRunner.run(SuiteRunner.java:289)
	at org.testng.SuiteRunnerWorker.runSuite(SuiteRunnerWorker.java:52)
	at org.testng.SuiteRunnerWorker.run(SuiteRunnerWorker.java:86)
	at org.testng.TestNG.runSuitesSequentially(TestNG.java:1301)
	at org.testng.TestNG.runSuitesLocally(TestNG.java:1226)
	at org.testng.TestNG.runSuites(TestNG.java:1144)
	at org.testng.TestNG.run(TestNG.java:1115)
	at org.apache.maven.surefire.testng.TestNGExecutor.run(TestNGExecutor.java:132)
	at org.apache.maven.surefire.testng.TestNGDirectoryTestSuite.executeSingleClass(TestNGDirectoryTestSuite.java:134)
	at org.apache.maven.surefire.testng.TestNGDirectoryTestSuite.execute(TestNGDirectoryTestSuite.java:118)
	at org.apache.maven.surefire.testng.TestNGProvider.invoke(TestNGProvider.java:146)
	at org.apache.maven.surefire.booter.ForkedBooter.invokeProviderInSameClassLoader(ForkedBooter.java:286)
	at org.apache.maven.surefire.booter.ForkedBooter.runSuitesInProcess(ForkedBooter.java:240)
	at org.apache.maven.surefire.booter.ForkedBooter.main(ForkedBooter.java:121)
]]>
            </full-stacktrace>
          </exception> <!-- org.sikuli.script.FindFailed -->
          <reporter-output>
          </reporter-output>
        </test-method> <!-- LogintoITMApplication -->
      </class> <!-- myAutomationProject.TestPage -->
    </test> <!-- Surefire test -->
  </suite> <!-- Surefire suite -->
</testng-results>
