<?xml version="1.0" encoding="UTF-8"?>
<testsuite xmlns:xsi="http://www.w3.org/2001/XMLSchema-instance" xsi:schemaLocation="https://maven.apache.org/surefire/maven-surefire-plugin/xsd/surefire-test-report.xsd" name="myAutomationProject.TestPage" time="90.356" tests="2" errors="0" skipped="0" failures="1">
  <properties>
[...]
</properties>
  <testcase name="AveraEEDVerifyLoginPage" classname="myAutomationProject.TestPage" time="55.825"/>
  <testcase name="LogintoITMApplication" classname="myAutomationProject.TestPage" time="29.626">
    <failure message="can not find P(D:/HisanBackup/HisanS/D/Hisan/Learning/Roshana/SikuliImages/lbl_HomePageLogo.PNG) S: 0.7 in S(0)[0,0 1366x768]" type="org.sikuli.script.FindFailed">org.sikuli.script.FindFailed: can not find P(D:/HisanBackup/HisanS/D/Hisan/Learning/Roshana/SikuliImages/lbl_HomePageLogo.PNG) S: 0.7 in S(0)[0,0 1366x768]
	at myAutomationProject.TestPage.LogintoITMApplication(TestPage.java:63)
</failure>
    <system-out><![CDATA[[log] DOUBLE CLICK on L(262,671)@S(0)[0,0 1366x768]
[log] CLICK on L(568,580)@S(0)[0,0 1366x768]
[log]  TYPE "hisans"
[log] CLICK on L(861,580)@S(0)[0,0 1366x768]
[log]  TYPE "Standard@678"
[log] CLICK on L(859,634)@S(0)[0,0 1366x768]
]]></system-out>
    <system-err><![CDATA[Apr 25, 2017 11:32:37 AM org.bridj.BridJ log
INFO: Registering type org.sikuli.util.SysJNA$WinKernel32
Apr 25, 2017 11:32:37 AM org.bridj.BridJ log
INFO: Registering type org.bridj.TimeT
Apr 25, 2017 11:32:37 AM org.bridj.BridJ log
INFO: Registering type org.bridj.TimeT$timeval_customizer
Apr 25, 2017 11:32:37 AM org.bridj.BridJ log
INFO: Registering type org.bridj.StructIO$DefaultCustomizer
Apr 25, 2017 11:32:37 AM org.bridj.BridJ log
INFO: Registering type org.bridj.TimeT$timeval
Apr 25, 2017 11:32:37 AM org.bridj.BridJ log
INFO: Registering type org.bridj.StructObject
Apr 25, 2017 11:32:37 AM org.bridj.BridJ log
INFO: Registering type org.bridj.NativeObject
Apr 25, 2017 11:32:37 AM org.bridj.BridJ log
INFO: Registering type org.bridj.AbstractIntegral
Apr 25, 2017 11:32:37 AM org.bridj.BridJ log
INFO: Registering type java.lang.Number
]]></system-err>
  </testcase>
</testsuite>