<?xml version="1.0" encoding="UTF-8"?>
<testng-results skipped="0" failed="0" ignored="0" total="2" passed="2">
  <reporter-output>
  </reporter-output>
  <suite name="Default suite" duration-ms="2669807" started-at="2017-04-24T10:59:09Z" finished-at="2017-04-24T11:43:39Z">
    <groups>
    </groups>
    <test name="Default test" duration-ms="2669807" started-at="2017-04-24T10:59:09Z" finished-at="2017-04-24T11:43:39Z">
      <class name="myAutomationProject.TestPage">
        <test-method status="PASS" signature="AveraEEDVerifyLoginPage()[pri:0, instance:myAutomationProject.TestPage@68c4039c]" name="AveraEEDVerifyLoginPage" duration-ms="34185" started-at="2017-04-24T16:29:09Z" finished-at="2017-04-24T16:29:43Z">
          <reporter-output>
          </reporter-output>
        </test-method> <!-- AveraEEDVerifyLoginPage -->
        <test-method status="PASS" signature="LogintoITMApplication()[pri:0, instance:myAutomationProject.TestPage@68c4039c]" name="LogintoITMApplication" duration-ms="2635307" started-at="2017-04-24T16:29:43Z" finished-at="2017-04-24T17:13:38Z">
          <reporter-output>
          </reporter-output>
        </test-method> <!-- LogintoITMApplication -->
      </class> <!-- myAutomationProject.TestPage -->
    </test> <!-- Default test -->
  </suite> <!-- Default suite -->
</testng-results>
