<?xml version="1.0" encoding="UTF-8"?>
<!-- Generated by org.testng.reporters.JUnitReportReporter -->
<testsuite skipped="0" hostname="Bi3-NB-HISAN" name="myAutomationProject.TestPage" tests="2" failures="0" timestamp="24 Apr 2017 11:43:44 GMT" time="2669.492" errors="0">
  <testcase name="AveraEEDVerifyLoginPage" time="34.185" classname="myAutomationProject.TestPage"/>
  <testcase name="LogintoITMApplication" time="2635.307" classname="myAutomationProject.TestPage"/>
</testsuite> <!-- myAutomationProject.TestPage -->
